Arguments: 
  E:\Develop\Node\node.exe C:\Users\S4ncT1on\AppData\Roaming\npm\node_modules\yarn\bin\yarn.js add multispinner -D

PATH: 
  C:\Users\S4ncT1on\AppData\Local\Programs\Python\Python39\Scripts\;C:\Users\S4ncT1on\AppData\Local\Programs\Python\Python39\;E:\VMWare\bin\;C:\Program Files (x86)\Common Files\Intel\Shared Libraries\redist\intel64\compiler;C:\Program Files (x86)\Common Files\Oracle\Java\javapath;E:\Python\Tools\Scripts;E:\Python;C:\Windows\system32;C:\Windows;C:\Windows\System32\Wbem;C:\Windows\System32\WindowsPowerShell\v1.0\;C:\Windows\System32\OpenSSH\;C:\Program Files (x86)\NVIDIA Corporation\PhysX\Common;C:\Program Files\NVIDIA Corporation\NVIDIA NvDLISR;C:\Program Files\dotnet\;C:\Program Files\Microsoft SQL Server\130\Tools\Binn\;C:\Program Files\Microsoft SQL Server\Client SDK\ODBC\170\Tools\Binn\;E:\Develop\Node\;E:\Develop\Git\cmd;C:\Program Files\Microsoft SQL Server\120\Tools\Binn\;C:\Program Files\Common Files\Autodesk Shared\;;E:\Develop\微信web开发者工具\dll;C:\Users\S4ncT1on\AppData\Local\Programs\Python\Python37\Scripts\;C:\Users\S4ncT1on\AppData\Local\Programs\Python\Python37\;C:\Users\S4ncT1on\AppData\Local\Microsoft\WindowsApps;E:\Develop\MIicrosoft Visual Studio Code\Microsoft VS Code\bin;E:\Develop\Python;C:\Users\S4ncT1on\AppData\Roaming\npm;C:\Users\S4ncT1on\.dotnet\tools;E:\Develop\IntelliJ IDEA Community Edition 2022.1\bin;E:\Softwares\Fiddler;%IntelliJ IDEA%;%IntelliJ IDEA Educational Edition%;C:\Program Files (x86)\Tencent\QQGameTempest\Hall.57821\

Yarn version: 
  1.22.10

Node version: 
  14.17.0

Platform: 
  win32 ia32

Trace: 
  Error: EBUSY: resource busy or locked, unlink 'E:\Develop\Project\MusicPlayer\client\node_modules\electron\dist\blink_image_resources_200_percent.pak'

npm manifest: 
  {
    "name": "client",
    "version": "1.0.0",
    "author": "Tuise233 <2039203690@qq.com>",
    "description": "A MusicPlayer By Tuise233",
    "license": null,
    "main": "./dist/electron/main.js",
    "scripts": {
      "build": "node .electron-vue/build.js && electron-builder",
      "build:dir": "node .electron-vue/build.js && electron-builder --dir",
      "build:clean": "cross-env BUILD_TARGET=clean node .electron-vue/build.js",
      "build:web": "cross-env BUILD_TARGET=web node .electron-vue/build.js",
      "dev": "node .electron-vue/dev-runner.js",
      "pack": "npm run pack:main && npm run pack:renderer",
      "pack:main": "cross-env NODE_ENV=production webpack --progress --colors --config .electron-vue/webpack.main.config.js",
      "pack:renderer": "cross-env NODE_ENV=production webpack --progress --colors --config .electron-vue/webpack.renderer.config.js",
      "postinstall": ""
    },
    "build": {
      "productName": "client",
      "appId": "com.tuise233.musicplayer",
      "directories": {
        "output": "build"
      },
      "files": [
        "dist/electron/**/*"
      ],
      "dmg": {
        "contents": [
          {
            "x": 410,
            "y": 150,
            "type": "link",
            "path": "/Applications"
          },
          {
            "x": 130,
            "y": 150,
            "type": "file"
          }
        ]
      },
      "mac": {
        "icon": "build/icons/icon.icns"
      },
      "win": {
        "icon": "build/icons/icon.ico"
      },
      "linux": {
        "icon": "build/icons"
      }
    },
    "dependencies": {
      "axios": "^0.18.0",
      "element-ui": "^2.15.10",
      "polyfill-object.fromentries": "^1.0.1",
      "vue": "^2.5.16",
      "vue-electron": "^1.0.6",
      "vue-router": "^3.0.1",
      "vuex": "^3.6.2",
      "vuex-electron": "^1.0.3"
    },
    "devDependencies": {
      "ajv": "^6.5.0",
      "babel-core": "^6.26.3",
      "babel-loader": "^7.1.4",
      "babel-minify-webpack-plugin": "^0.3.1",
      "babel-plugin-transform-runtime": "^6.23.0",
      "babel-preset-env": "^1.7.0",
      "babel-preset-stage-0": "^6.24.1",
      "babel-register": "^6.26.0",
      "cfonts": "^2.1.2",
      "chalk": "^2.4.1",
      "copy-webpack-plugin": "^4.5.1",
      "cross-env": "^5.1.6",
      "css-loader": "^0.28.11",
      "del": "^3.0.0",
      "devtron": "^1.4.0",
      "electron": "^2.0.4",
      "electron-builder": "^20.19.2",
      "electron-debug": "^1.5.0",
      "electron-devtools-installer": "^2.2.4",
      "file-loader": "^1.1.11",
      "html-webpack-plugin": "^3.2.0",
      "listr": "^0.14.3",
      "mini-css-extract-plugin": "0.4.0",
      "node-loader": "^0.6.0",
      "style-loader": "^0.21.0",
      "url-loader": "^1.0.1",
      "vue-html-loader": "^1.2.4",
      "vue-loader": "^15.2.4",
      "vue-style-loader": "^4.1.0",
      "vue-template-compiler": "^2.5.16",
      "webpack": "^4.15.1",
      "webpack-cli": "^3.0.8",
      "webpack-dev-server": "^3.1.4",
      "webpack-hot-middleware": "^2.22.2",
      "webpack-merge": "^4.1.3"
    }
  }

yarn manifest: 
  No manifest

Lockfile: 
  No lockfile
